SF:lib/domain/entities/pokemon_list_state.dart
DA:10,8
DA:18,1
DA:24,1
DA:25,1
DA:26,1
DA:27,1
DA:28,0
DA:32,2
LF:8
LH:7
end_of_record
SF:lib/domain/entities/pokemon_summary.dart
DA:5,3
LF:1
LH:1
end_of_record
SF:lib/core/errors/failure.dart
DA:5,0
DA:7,0
DA:8,0
LF:3
LH:0
end_of_record
SF:lib/core/network/dio_provider.dart
DA:8,1
DA:10,1
DA:15,1
DA:20,1
LF:4
LH:4
end_of_record
SF:lib/core/network/dio_provider.g.dart
DA:9,1
DA:13,2
DA:14,1
LF:3
LH:3
end_of_record
SF:lib/data/datasources/pokeapi_remote_datasource.dart
DA:8,1
DA:10,1
DA:15,2
DA:17,1
DA:19,0
DA:20,1
DA:21,2
DA:22,1
DA:23,1
DA:26,0
DA:30,0
DA:32,0
DA:33,0
DA:34,0
DA:35,0
DA:36,0
DA:37,0
DA:40,0
LF:18
LH:8
end_of_record
SF:lib/data/models/poke_list_response_model.dart
DA:6,0
DA:7,0
DA:8,0
DA:11,0
DA:12,0
DA:14,0
DA:15,0
DA:17,0
DA:18,0
DA:31,0
DA:38,0
DA:39,0
DA:41,0
DA:51,0
DA:52,0
DA:54,0
DA:56,0
DA:58,0
LF:18
LH:0
end_of_record
SF:lib/data/models/poke_list_response_model.g.dart
DA:9,0
DA:11,0
DA:12,0
DA:13,0
DA:14,0
DA:15,0
DA:16,0
DA:17,0
DA:20,0
DA:22,0
DA:23,0
DA:24,0
DA:25,0
DA:26,0
DA:29,0
DA:30,0
DA:32,0
DA:33,0
DA:34,0
LF:19
LH:0
end_of_record
SF:lib/data/models/pokemon_detail_model.dart
DA:10,0
DA:11,0
DA:13,0
DA:14,0
DA:27,0
DA:38,0
DA:40,0
DA:41,0
DA:42,0
DA:44,0
DA:45,0
DA:46,0
DA:48,0
DA:49,0
DA:51,0
DA:52,0
DA:53,0
DA:56,0
DA:58,0
DA:59,0
DA:61,0
DA:63,0
DA:64,0
DA:65,0
DA:70,0
DA:71,0
DA:75,0
LF:27
LH:0
end_of_record
SF:lib/data/models/pokemon_detail_model.g.dart
DA:9,0
DA:10,0
DA:11,0
DA:12,0
DA:13,0
DA:14,0
DA:15,0
DA:16,0
DA:17,0
DA:18,0
LF:10
LH:0
end_of_record
SF:lib/data/repositories/pokemon_repository_impl.dart
DA:9,1
DA:11,1
DA:16,2
DA:21,0
DA:22,0
DA:23,0
DA:24,0
DA:25,0
DA:27,0
DA:29,0
DA:30,0
DA:35,0
DA:37,0
DA:38,0
DA:39,0
DA:40,0
DA:41,0
DA:42,0
DA:43,0
DA:44,0
DA:45,0
DA:46,0
LF:22
LH:3
end_of_record
SF:lib/domain/entities/pokemon_detail.dart
DA:11,0
LF:1
LH:0
end_of_record
SF:lib/main.dart
DA:5,0
DA:6,0
DA:10,7
DA:12,1
DA:14,1
DA:17,1
LF:6
LH:4
end_of_record
SF:lib/presentation/pages/home_page.dart
DA:12,6
DA:14,1
DA:15,1
DA:22,1
DA:24,1
DA:26,2
DA:27,1
DA:28,5
DA:31,2
DA:32,0
DA:33,0
DA:34,0
DA:35,0
DA:40,1
DA:42,2
DA:43,2
DA:44,1
DA:47,1
DA:49,3
DA:50,3
DA:51,3
DA:53,2
DA:54,0
DA:55,0
DA:56,0
DA:57,0
DA:58,0
DA:60,0
DA:62,0
DA:63,0
DA:64,0
DA:67,1
DA:68,1
DA:69,0
DA:71,1
DA:74,1
DA:75,1
DA:76,1
DA:77,1
DA:79,1
DA:81,1
DA:96,1
DA:98,1
DA:100,1
DA:101,1
DA:102,1
DA:103,1
DA:104,1
DA:105,1
DA:106,1
DA:107,1
DA:108,1
DA:114,1
DA:115,1
DA:116,0
DA:117,0
DA:118,0
DA:119,1
DA:128,3
DA:129,0
DA:134,0
DA:135,0
DA:136,0
DA:141,1
DA:142,1
DA:145,1
DA:146,1
DA:149,1
DA:150,1
DA:153,1
DA:154,1
DA:157,1
DA:158,1
DA:166,1
DA:167,1
DA:170,1
DA:171,1
DA:172,1
DA:178,1
DA:180,0
DA:181,0
DA:182,0
DA:183,0
DA:185,0
DA:198,0
DA:200,0
DA:203,0
DA:205,0
DA:207,0
DA:209,0
DA:210,0
DA:211,0
DA:212,0
DA:215,0
DA:216,0
DA:217,0
DA:218,0
DA:220,0
DA:229,0
DA:230,0
DA:231,0
DA:234,0
DA:235,0
DA:236,0
DA:237,0
DA:239,0
DA:257,1
DA:258,1
DA:260,1
DA:261,1
DA:264,1
DA:274,1
DA:275,1
DA:276,3
DA:277,1
DA:278,1
DA:279,0
DA:280,0
DA:281,0
DA:284,3
DA:285,0
DA:294,0
DA:297,1
DA:298,0
DA:299,0
DA:300,1
DA:301,1
DA:309,2
DA:310,1
DA:311,2
DA:312,0
DA:313,0
DA:316,0
DA:317,0
DA:318,0
DA:319,0
DA:325,1
DA:333,1
LF:138
LH:77
end_of_record
SF:lib/presentation/pages/pokemon_detail_page.dart
DA:6,0
DA:11,0
DA:13,0
DA:14,0
DA:27,0
DA:29,0
DA:31,0
DA:36,0
DA:41,0
DA:46,0
DA:47,0
DA:50,0
DA:51,0
DA:52,0
DA:53,0
DA:58,0
DA:59,0
DA:60,0
DA:66,0
DA:67,0
DA:68,0
DA:70,0
DA:71,0
DA:76,0
DA:78,0
DA:79,0
DA:80,0
DA:81,0
DA:84,0
DA:86,0
DA:87,0
DA:88,0
DA:90,0
DA:91,0
DA:92,0
DA:94,0
DA:96,0
DA:100,0
DA:101,0
DA:102,0
DA:103,0
DA:104,0
DA:105,0
DA:106,0
DA:107,0
DA:108,0
DA:118,0
DA:119,0
DA:120,0
DA:121,0
DA:122,0
DA:123,0
DA:124,0
DA:125,0
DA:126,0
DA:128,0
DA:129,0
DA:143,0
DA:144,0
DA:146,0
DA:149,0
DA:150,0
DA:151,0
DA:152,0
DA:153,0
DA:154,0
DA:155,0
DA:156,0
DA:159,0
DA:167,0
DA:171,0
DA:172,0
DA:173,0
DA:174,0
DA:175,0
DA:176,0
DA:177,0
DA:179,0
DA:180,0
DA:181,0
DA:182,0
DA:183,0
DA:184,0
DA:185,0
DA:188,0
DA:204,0
DA:208,0
DA:209,0
DA:210,0
DA:211,0
DA:212,0
DA:213,0
DA:214,0
DA:216,0
DA:217,0
DA:218,0
DA:219,0
DA:221,0
DA:222,0
DA:223,0
DA:228,0
DA:229,0
DA:230,0
DA:231,0
DA:233,0
DA:234,0
DA:242,0
DA:251,0
DA:253,0
DA:254,0
DA:255,0
DA:256,0
DA:257,0
DA:259,0
DA:261,0
DA:262,0
DA:263,0
DA:271,0
DA:273,0
DA:275,0
DA:276,0
DA:277,0
DA:279,0
DA:280,0
DA:281,0
DA:282,0
DA:289,0
DA:292,0
DA:293,0
DA:296,0
DA:298,0
DA:301,0
DA:303,0
DA:306,0
DA:307,0
DA:314,0
DA:315,0
DA:317,0
DA:318,0
DA:319,0
DA:320,0
DA:328,0
DA:329,0
DA:330,0
DA:331,0
DA:334,0
DA:337,0
DA:338,0
DA:339,0
DA:341,0
DA:344,0
DA:345,0
DA:347,0
DA:348,0
DA:349,0
DA:350,0
DA:351,0
DA:352,0
DA:359,0
DA:360,0
DA:364,0
DA:365,0
DA:369,0
DA:370,0
DA:372,0
DA:373,0
DA:374,0
DA:379,0
DA:385,0
DA:386,0
DA:388,0
DA:389,0
DA:390,0
DA:391,0
DA:399,0
DA:400,0
DA:401,0
DA:402,0
DA:403,0
DA:404,0
DA:405,0
DA:406,0
DA:407,0
DA:409,0
DA:412,0
DA:413,0
DA:415,0
DA:416,0
DA:417,0
DA:418,0
DA:419,0
DA:420,0
DA:427,0
DA:428,0
DA:429,0
DA:430,0
DA:433,0
DA:437,0
DA:438,0
DA:442,0
DA:447,0
DA:448,0
DA:449,0
DA:451,0
DA:452,0
DA:453,0
DA:455,0
DA:459,0
DA:460,0
DA:462,0
DA:466,0
DA:468,0
DA:471,0
DA:476,0
DA:484,0
DA:486,0
DA:487,0
DA:488,0
DA:489,0
DA:499,0
DA:525,0
DA:531,0
DA:533,0
DA:534,0
DA:535,0
DA:536,0
DA:538,0
DA:540,0
DA:541,0
DA:542,0
DA:544,0
LF:231
LH:0
end_of_record
SF:lib/presentation/state/pokemon_list_controller.dart
DA:16,1
DA:18,4
DA:19,1
DA:22,1
DA:23,3
DA:26,1
DA:29,1
DA:30,2
DA:33,2
DA:37,3
DA:40,1
DA:41,0
DA:45,2
DA:46,2
DA:50,0
DA:52,0
DA:53,0
DA:59,4
LF:18
LH:14
end_of_record
SF:lib/presentation/state/pokemon_list_controller.g.dart
DA:9,1
DA:14,2
DA:15,1
LF:3
LH:3
end_of_record
SF:lib/presentation/state/pokemon_list_filters_providers.dart
DA:5,4
DA:7,4
LF:2
LH:2
end_of_record
SF:lib/presentation/theme/page_transitions.dart
DA:7,1
DA:11,1
DA:13,1
DA:14,0
DA:19,0
DA:22,0
DA:24,0
DA:26,0
DA:33,1
DA:37,1
DA:39,1
DA:40,0
DA:45,0
DA:48,0
DA:50,0
DA:52,0
DA:59,1
DA:63,1
DA:65,0
DA:66,0
DA:71,0
DA:74,0
DA:76,0
DA:77,0
DA:79,0
DA:81,0
DA:90,1
DA:94,1
DA:96,0
DA:97,0
DA:102,0
DA:105,0
DA:107,0
DA:108,0
DA:109,0
DA:112,0
DA:114,0
LF:37
LH:10
end_of_record
SF:lib/presentation/widgets/pokemon_card.dart
DA:10,1
DA:17,1
DA:18,1
DA:30,1
DA:32,1
DA:33,2
DA:34,5
DA:38,3
DA:39,2
DA:42,3
DA:43,2
DA:46,1
DA:47,2
DA:48,1
DA:49,1
DA:55,6
DA:56,1
DA:57,2
DA:62,1
DA:64,2
DA:65,1
DA:68,1
DA:70,1
DA:71,1
DA:72,1
DA:73,1
DA:74,4
DA:75,1
DA:76,1
DA:77,5
DA:78,5
DA:80,1
DA:81,3
DA:82,1
DA:83,0
DA:84,0
DA:85,1
DA:87,1
DA:88,1
DA:89,1
DA:90,1
DA:91,2
DA:92,1
DA:93,2
DA:98,1
DA:101,1
DA:102,1
DA:104,1
DA:105,1
DA:107,2
DA:108,3
DA:110,1
DA:111,1
DA:112,1
DA:113,1
DA:116,1
DA:118,1
DA:123,1
DA:125,1
DA:127,1
DA:128,1
DA:130,1
DA:131,6
DA:132,3
DA:133,1
DA:134,1
DA:139,1
DA:141,1
DA:142,4
DA:143,1
DA:144,3
DA:146,1
DA:155,1
DA:157,1
DA:158,4
DA:159,3
DA:160,1
DA:181,1
DA:182,5
LF:79
LH:77
end_of_record
SF:lib/presentation/widgets/retry_error.dart
DA:6,1
DA:8,1
DA:10,1
DA:11,1
DA:13,1
DA:14,2
DA:16,2
LF:7
LH:7
end_of_record
SF:lib/presentation/widgets/shimmer_loading.dart
DA:9,2
DA:16,1
DA:17,1
DA:25,1
DA:27,1
DA:28,2
DA:33,4
DA:34,1
DA:35,1
DA:40,2
DA:43,1
DA:45,2
DA:46,1
DA:49,1
DA:51,3
DA:52,3
DA:54,1
DA:55,1
DA:56,1
DA:57,1
DA:58,1
DA:59,1
DA:60,4
DA:61,3
DA:62,1
DA:64,1
DA:66,2
DA:79,7
DA:86,1
DA:88,1
DA:89,1
DA:90,1
DA:91,1
DA:92,1
DA:94,2
LF:35
LH:35
end_of_record
SF:lib/presentation/state/pokemon_detail_provider.dart
DA:5,0
DA:9,0
DA:10,0
LF:3
LH:0
end_of_record
SF:lib/presentation/theme/pokemon_type_colors.dart
DA:23,0
DA:24,0
DA:25,0
LF:3
LH:0
end_of_record
SF:lib/presentation/state/pokemon_repository_provider.g.dart
DA:9,1
DA:13,3
LF:2
LH:2
end_of_record
SF:lib/presentation/state/pokemon_repository_provider.dart
DA:9,1
DA:11,2
DA:12,2
LF:3
LH:3
end_of_record
SF:lib/presentation/theme/app_animations.dart
DA:39,0
DA:45,0
DA:46,0
DA:48,0
DA:49,0
DA:51,0
DA:57,0
DA:62,0
DA:65,0
DA:69,0
DA:75,0
DA:78,0
DA:82,0
DA:88,0
DA:91,0
LF:15
LH:0
end_of_record
